7/7/2021, 6:59:57 PM	200	GET	/users	 body: undefined	got (https://github.com/sindresorhus/got)
7/7/2021, 6:59:57 PM	200	POST	/users	 body: undefined	got (https://github.com/sindresorhus/got)
7/7/2021, 6:59:58 PM	200	GET	/users	 body: undefined	got (https://github.com/sindresorhus/got)
7/7/2021, 6:59:58 PM	200	POST	/users	 body: undefined	got (https://github.com/sindresorhus/got)
7/7/2021, 6:59:58 PM	200	PUT	/users/7ccf1c88-c69d-4699-a788-e8d70fc8b2f3	 body: undefined	got (https://github.com/sindresorhus/got)
7/7/2021, 6:59:58 PM	200	GET	/users/7ccf1c88-c69d-4699-a788-e8d70fc8b2f3	 body: undefined	got (https://github.com/sindresorhus/got)
7/7/2021, 6:59:58 PM	200	DELETE	/users/7ccf1c88-c69d-4699-a788-e8d70fc8b2f3	 body: undefined	got (https://github.com/sindresorhus/got)
7/7/2021, 6:59:58 PM	200	PUT	/users/e4339869-2201-4ef8-a9ad-9cef3d91b47b	 body: undefined	got (https://github.com/sindresorhus/got)
7/7/2021, 6:59:58 PM	200	GET	/users/e4339869-2201-4ef8-a9ad-9cef3d91b47b	 body: undefined	got (https://github.com/sindresorhus/got)
7/7/2021, 6:59:58 PM	200	DELETE	/users/e4339869-2201-4ef8-a9ad-9cef3d91b47b	 body: undefined	got (https://github.com/sindresorhus/got)
7/7/2021, 6:59:58 PM	200	GET	/users	 body: undefined	got (https://github.com/sindresorhus/got)
7/7/2021, 6:59:58 PM	200	POST	/users	 body: undefined	got (https://github.com/sindresorhus/got)
7/7/2021, 6:59:58 PM	200	PUT	/users/c7479886-73c4-4906-99b5-b946e35b3189	 body: undefined	got (https://github.com/sindresorhus/got)
7/7/2021, 6:59:58 PM	200	GET	/users/c7479886-73c4-4906-99b5-b946e35b3189	 body: undefined	got (https://github.com/sindresorhus/got)
7/7/2021, 6:59:58 PM	200	DELETE	/users/c7479886-73c4-4906-99b5-b946e35b3189	 body: undefined	got (https://github.com/sindresorhus/got)
7/7/2021, 6:59:58 PM	200	GET	/users	 body: undefined	got (https://github.com/sindresorhus/got)
7/7/2021, 6:59:58 PM	200	POST	/users	 body: undefined	got (https://github.com/sindresorhus/got)
7/7/2021, 6:59:58 PM	200	PUT	/users/51af4879-e8be-4ba5-a388-2b420b4b0908	 body: undefined	got (https://github.com/sindresorhus/got)
7/7/2021, 6:59:58 PM	200	GET	/users/51af4879-e8be-4ba5-a388-2b420b4b0908	 body: undefined	got (https://github.com/sindresorhus/got)
7/7/2021, 6:59:58 PM	200	DELETE	/users/51af4879-e8be-4ba5-a388-2b420b4b0908	 body: undefined	got (https://github.com/sindresorhus/got)
7/7/2021, 6:59:58 PM	200	GET	/users	 body: undefined	got (https://github.com/sindresorhus/got)
7/7/2021, 6:59:58 PM	200	POST	/users	 body: undefined	got (https://github.com/sindresorhus/got)
7/7/2021, 6:59:58 PM	200	PUT	/users/a5a5c908-f6cc-401a-bc0c-bccee2d28214	 body: undefined	got (https://github.com/sindresorhus/got)
7/7/2021, 6:59:58 PM	200	GET	/users/a5a5c908-f6cc-401a-bc0c-bccee2d28214	 body: undefined	got (https://github.com/sindresorhus/got)
7/7/2021, 6:59:58 PM	200	DELETE	/users/a5a5c908-f6cc-401a-bc0c-bccee2d28214	 body: undefined	got (https://github.com/sindresorhus/got)
7/7/2021, 6:59:58 PM	200	GET	/users	 body: undefined	got (https://github.com/sindresorhus/got)
7/7/2021, 6:59:58 PM	200	POST	/users	 body: undefined	got (https://github.com/sindresorhus/got)
7/7/2021, 6:59:58 PM	200	PUT	/users/96a926eb-790c-4031-ad38-0b520e3b97d9	 body: undefined	got (https://github.com/sindresorhus/got)
7/7/2021, 6:59:58 PM	200	GET	/users/96a926eb-790c-4031-ad38-0b520e3b97d9	 body: undefined	got (https://github.com/sindresorhus/got)
7/7/2021, 6:59:58 PM	200	DELETE	/users/96a926eb-790c-4031-ad38-0b520e3b97d9	 body: undefined	got (https://github.com/sindresorhus/got)
7/7/2021, 6:59:59 PM	200	GET	/users	 body: undefined	got (https://github.com/sindresorhus/got)
7/7/2021, 6:59:59 PM	200	POST	/users	 body: undefined	got (https://github.com/sindresorhus/got)
7/7/2021, 6:59:59 PM	200	PUT	/users/09159d72-1122-4008-8ccf-451cbae4303c	 body: undefined	got (https://github.com/sindresorhus/got)
7/7/2021, 6:59:59 PM	200	GET	/users/09159d72-1122-4008-8ccf-451cbae4303c	 body: undefined	got (https://github.com/sindresorhus/got)
7/7/2021, 6:59:59 PM	200	DELETE	/users/09159d72-1122-4008-8ccf-451cbae4303c	 body: undefined	got (https://github.com/sindresorhus/got)
7/7/2021, 6:59:59 PM	200	GET	/users	 body: undefined	got (https://github.com/sindresorhus/got)
7/7/2021, 6:59:59 PM	200	POST	/users	 body: undefined	got (https://github.com/sindresorhus/got)
7/7/2021, 6:59:59 PM	200	PUT	/users/5e6d97c1-922a-4944-a39b-279b6403cc1f	 body: undefined	got (https://github.com/sindresorhus/got)
7/7/2021, 6:59:59 PM	200	GET	/users/5e6d97c1-922a-4944-a39b-279b6403cc1f	 body: undefined	got (https://github.com/sindresorhus/got)
7/7/2021, 6:59:59 PM	200	DELETE	/users/5e6d97c1-922a-4944-a39b-279b6403cc1f	 body: undefined	got (https://github.com/sindresorhus/got)
7/7/2021, 6:59:59 PM	200	GET	/users	 body: undefined	got (https://github.com/sindresorhus/got)
7/7/2021, 6:59:59 PM	200	POST	/users	 body: undefined	got (https://github.com/sindresorhus/got)
7/7/2021, 6:59:59 PM	200	PUT	/users/8f7e048a-5fd4-4f1e-b1fa-065ade88c8e4	 body: undefined	got (https://github.com/sindresorhus/got)
7/7/2021, 6:59:59 PM	200	GET	/users/8f7e048a-5fd4-4f1e-b1fa-065ade88c8e4	 body: undefined	got (https://github.com/sindresorhus/got)
7/7/2021, 6:59:59 PM	200	DELETE	/users/8f7e048a-5fd4-4f1e-b1fa-065ade88c8e4	 body: undefined	got (https://github.com/sindresorhus/got)
7/7/2021, 6:59:59 PM	200	GET	/users	 body: undefined	got (https://github.com/sindresorhus/got)
7/7/2021, 6:59:59 PM	200	POST	/users	 body: undefined	got (https://github.com/sindresorhus/got)
7/7/2021, 6:59:59 PM	200	PUT	/users/7b19bc18-cf69-4f3b-b66c-31a8b9b2ad0c	 body: undefined	got (https://github.com/sindresorhus/got)
7/7/2021, 6:59:59 PM	200	GET	/users/7b19bc18-cf69-4f3b-b66c-31a8b9b2ad0c	 body: undefined	got (https://github.com/sindresorhus/got)
7/7/2021, 6:59:59 PM	200	DELETE	/users/7b19bc18-cf69-4f3b-b66c-31a8b9b2ad0c	 body: undefined	got (https://github.com/sindresorhus/got)
7/7/2021, 6:59:59 PM	200	GET	/users	 body: undefined	got (https://github.com/sindresorhus/got)
7/7/2021, 6:59:59 PM	200	POST	/users	 body: undefined	got (https://github.com/sindresorhus/got)
7/7/2021, 6:59:59 PM	200	PUT	/users/e116b170-82d4-4500-a850-aee11e6b51be	 body: undefined	got (https://github.com/sindresorhus/got)
7/7/2021, 6:59:59 PM	200	GET	/users/e116b170-82d4-4500-a850-aee11e6b51be	 body: undefined	got (https://github.com/sindresorhus/got)
7/7/2021, 6:59:59 PM	200	DELETE	/users/e116b170-82d4-4500-a850-aee11e6b51be	 body: undefined	got (https://github.com/sindresorhus/got)
7/7/2021, 7:00:00 PM	200	GET	/users	 body: undefined	got (https://github.com/sindresorhus/got)
7/7/2021, 7:00:00 PM	200	POST	/users	 body: undefined	got (https://github.com/sindresorhus/got)
7/7/2021, 7:00:00 PM	200	PUT	/users/de23cc0a-8c6b-452a-96bf-ea1af726c921	 body: undefined	got (https://github.com/sindresorhus/got)
7/7/2021, 7:00:00 PM	200	GET	/users/de23cc0a-8c6b-452a-96bf-ea1af726c921	 body: undefined	got (https://github.com/sindresorhus/got)
7/7/2021, 7:00:00 PM	200	DELETE	/users/de23cc0a-8c6b-452a-96bf-ea1af726c921	 body: undefined	got (https://github.com/sindresorhus/got)
7/7/2021, 7:00:00 PM	200	GET	/users	 body: undefined	got (https://github.com/sindresorhus/got)
7/7/2021, 7:00:00 PM	200	POST	/users	 body: undefined	got (https://github.com/sindresorhus/got)
7/7/2021, 7:00:00 PM	200	PUT	/users/d5b7429e-4f95-4ee6-8b0a-5e67ab77e5ac	 body: undefined	got (https://github.com/sindresorhus/got)
7/7/2021, 7:00:00 PM	200	GET	/users/d5b7429e-4f95-4ee6-8b0a-5e67ab77e5ac	 body: undefined	got (https://github.com/sindresorhus/got)
7/7/2021, 7:00:00 PM	200	DELETE	/users/d5b7429e-4f95-4ee6-8b0a-5e67ab77e5ac	 body: undefined	got (https://github.com/sindresorhus/got)
7/7/2021, 7:00:00 PM	200	GET	/users	 body: undefined	got (https://github.com/sindresorhus/got)
7/7/2021, 7:00:00 PM	200	POST	/users	 body: undefined	got (https://github.com/sindresorhus/got)
7/7/2021, 7:00:00 PM	200	PUT	/users/e7f71469-e217-41da-a773-1ee15592322d	 body: undefined	got (https://github.com/sindresorhus/got)
7/7/2021, 7:00:00 PM	200	GET	/users/e7f71469-e217-41da-a773-1ee15592322d	 body: undefined	got (https://github.com/sindresorhus/got)
7/7/2021, 7:00:00 PM	200	DELETE	/users/e7f71469-e217-41da-a773-1ee15592322d	 body: undefined	got (https://github.com/sindresorhus/got)
7/7/2021, 7:00:00 PM	200	GET	/users	 body: undefined	got (https://github.com/sindresorhus/got)
7/7/2021, 7:00:00 PM	200	POST	/users	 body: undefined	got (https://github.com/sindresorhus/got)
7/7/2021, 7:00:00 PM	200	PUT	/users/8e1063c7-d241-4bb3-86a4-2de1aefc2439	 body: undefined	got (https://github.com/sindresorhus/got)
7/7/2021, 7:00:00 PM	200	GET	/users/8e1063c7-d241-4bb3-86a4-2de1aefc2439	 body: undefined	got (https://github.com/sindresorhus/got)
7/7/2021, 7:00:00 PM	200	DELETE	/users/8e1063c7-d241-4bb3-86a4-2de1aefc2439	 body: undefined	got (https://github.com/sindresorhus/got)
7/7/2021, 7:00:00 PM	200	GET	/users	 body: undefined	got (https://github.com/sindresorhus/got)
7/7/2021, 7:00:00 PM	200	POST	/users	 body: undefined	got (https://github.com/sindresorhus/got)
7/7/2021, 7:00:00 PM	200	PUT	/users/e5e93e50-e08c-4bfe-a981-8c9b7f5aa4db	 body: undefined	got (https://github.com/sindresorhus/got)
7/7/2021, 7:00:00 PM	200	GET	/users/e5e93e50-e08c-4bfe-a981-8c9b7f5aa4db	 body: undefined	got (https://github.com/sindresorhus/got)
7/7/2021, 7:00:00 PM	200	DELETE	/users/e5e93e50-e08c-4bfe-a981-8c9b7f5aa4db	 body: undefined	got (https://github.com/sindresorhus/got)
7/7/2021, 7:00:01 PM	200	GET	/users	 body: undefined	got (https://github.com/sindresorhus/got)
7/7/2021, 7:00:01 PM	200	POST	/users	 body: undefined	got (https://github.com/sindresorhus/got)
7/7/2021, 7:00:01 PM	200	PUT	/users/aeeecde4-d527-4b10-8d47-35e25f2c427a	 body: undefined	got (https://github.com/sindresorhus/got)
7/7/2021, 7:00:01 PM	200	GET	/users/aeeecde4-d527-4b10-8d47-35e25f2c427a	 body: undefined	got (https://github.com/sindresorhus/got)
7/7/2021, 7:00:01 PM	200	DELETE	/users/aeeecde4-d527-4b10-8d47-35e25f2c427a	 body: undefined	got (https://github.com/sindresorhus/got)
7/7/2021, 7:00:01 PM	200	GET	/users	 body: undefined	got (https://github.com/sindresorhus/got)
7/7/2021, 7:00:01 PM	200	POST	/users	 body: undefined	got (https://github.com/sindresorhus/got)
7/7/2021, 7:00:01 PM	200	PUT	/users/e96b3bb6-0444-4a4e-b534-bd48ccb17ea1	 body: undefined	got (https://github.com/sindresorhus/got)
7/7/2021, 7:00:01 PM	200	GET	/users/e96b3bb6-0444-4a4e-b534-bd48ccb17ea1	 body: undefined	got (https://github.com/sindresorhus/got)
7/7/2021, 7:00:01 PM	200	DELETE	/users/e96b3bb6-0444-4a4e-b534-bd48ccb17ea1	 body: undefined	got (https://github.com/sindresorhus/got)
7/7/2021, 7:00:01 PM	200	GET	/users	 body: undefined	got (https://github.com/sindresorhus/got)
7/7/2021, 7:00:01 PM	200	POST	/users	 body: undefined	got (https://github.com/sindresorhus/got)
7/7/2021, 7:00:01 PM	200	PUT	/users/60534ee6-bf81-4b32-beca-1dea62ff5e00	 body: undefined	got (https://github.com/sindresorhus/got)
7/7/2021, 7:00:01 PM	200	GET	/users/60534ee6-bf81-4b32-beca-1dea62ff5e00	 body: undefined	got (https://github.com/sindresorhus/got)
7/7/2021, 7:00:01 PM	200	DELETE	/users/60534ee6-bf81-4b32-beca-1dea62ff5e00	 body: undefined	got (https://github.com/sindresorhus/got)
7/7/2021, 7:00:01 PM	200	GET	/users	 body: undefined	got (https://github.com/sindresorhus/got)
7/7/2021, 7:00:01 PM	200	POST	/users	 body: undefined	got (https://github.com/sindresorhus/got)
7/7/2021, 7:00:01 PM	200	PUT	/users/1c3d5f64-9df1-4e33-a49b-49457e55f0aa	 body: undefined	got (https://github.com/sindresorhus/got)
7/7/2021, 7:00:01 PM	200	GET	/users/1c3d5f64-9df1-4e33-a49b-49457e55f0aa	 body: undefined	got (https://github.com/sindresorhus/got)
7/7/2021, 7:00:01 PM	200	DELETE	/users/1c3d5f64-9df1-4e33-a49b-49457e55f0aa	 body: undefined	got (https://github.com/sindresorhus/got)
7/7/2021, 7:00:01 PM	200	GET	/users	 body: undefined	got (https://github.com/sindresorhus/got)
7/7/2021, 7:00:01 PM	200	POST	/users	 body: undefined	got (https://github.com/sindresorhus/got)
7/7/2021, 7:00:01 PM	200	PUT	/users/dc6ef6a3-e648-4ae1-b294-9bbbe9b2b044	 body: undefined	got (https://github.com/sindresorhus/got)
7/7/2021, 7:00:01 PM	200	GET	/users/dc6ef6a3-e648-4ae1-b294-9bbbe9b2b044	 body: undefined	got (https://github.com/sindresorhus/got)
7/7/2021, 7:00:01 PM	200	DELETE	/users/dc6ef6a3-e648-4ae1-b294-9bbbe9b2b044	 body: undefined	got (https://github.com/sindresorhus/got)
7/7/2021, 7:00:02 PM	200	GET	/users	 body: undefined	got (https://github.com/sindresorhus/got)
7/7/2021, 7:00:02 PM	200	POST	/users	 body: undefined	got (https://github.com/sindresorhus/got)
7/7/2021, 7:00:02 PM	200	PUT	/users/c41b74bd-61a2-4ba5-ae88-d007f89a3b57	 body: undefined	got (https://github.com/sindresorhus/got)
7/7/2021, 7:00:02 PM	200	GET	/users/c41b74bd-61a2-4ba5-ae88-d007f89a3b57	 body: undefined	got (https://github.com/sindresorhus/got)
7/7/2021, 7:00:02 PM	200	DELETE	/users/c41b74bd-61a2-4ba5-ae88-d007f89a3b57	 body: undefined	got (https://github.com/sindresorhus/got)
7/7/2021, 7:00:02 PM	200	GET	/users	 body: undefined	got (https://github.com/sindresorhus/got)
7/7/2021, 7:00:02 PM	200	POST	/users	 body: undefined	got (https://github.com/sindresorhus/got)
7/7/2021, 7:00:02 PM	200	PUT	/users/a61e7760-0c64-4af6-878b-556b32512ef2	 body: undefined	got (https://github.com/sindresorhus/got)
7/7/2021, 7:00:02 PM	200	GET	/users/a61e7760-0c64-4af6-878b-556b32512ef2	 body: undefined	got (https://github.com/sindresorhus/got)
7/7/2021, 7:00:02 PM	200	DELETE	/users/a61e7760-0c64-4af6-878b-556b32512ef2	 body: undefined	got (https://github.com/sindresorhus/got)
7/7/2021, 7:00:02 PM	200	GET	/users	 body: undefined	got (https://github.com/sindresorhus/got)
7/7/2021, 7:00:02 PM	200	POST	/users	 body: undefined	got (https://github.com/sindresorhus/got)
7/7/2021, 7:00:02 PM	200	PUT	/users/130eed5c-798b-4d10-b753-53cfcb89aac8	 body: undefined	got (https://github.com/sindresorhus/got)
7/7/2021, 7:00:02 PM	200	GET	/users/130eed5c-798b-4d10-b753-53cfcb89aac8	 body: undefined	got (https://github.com/sindresorhus/got)
7/7/2021, 7:00:02 PM	200	DELETE	/users/130eed5c-798b-4d10-b753-53cfcb89aac8	 body: undefined	got (https://github.com/sindresorhus/got)
7/7/2021, 7:00:02 PM	200	GET	/users	 body: undefined	got (https://github.com/sindresorhus/got)
7/7/2021, 7:00:02 PM	200	POST	/users	 body: undefined	got (https://github.com/sindresorhus/got)
7/7/2021, 7:00:02 PM	200	PUT	/users/8525cfef-0c65-49ec-b7c0-59f36131b2d9	 body: undefined	got (https://github.com/sindresorhus/got)
7/7/2021, 7:00:02 PM	200	GET	/users/8525cfef-0c65-49ec-b7c0-59f36131b2d9	 body: undefined	got (https://github.com/sindresorhus/got)
7/7/2021, 7:00:02 PM	200	DELETE	/users/8525cfef-0c65-49ec-b7c0-59f36131b2d9	 body: undefined	got (https://github.com/sindresorhus/got)
7/7/2021, 7:00:02 PM	200	GET	/users	 body: undefined	got (https://github.com/sindresorhus/got)
7/7/2021, 7:00:02 PM	200	POST	/users	 body: undefined	got (https://github.com/sindresorhus/got)
7/7/2021, 7:00:02 PM	200	PUT	/users/13f70d66-a0e6-4c4f-8efb-e9130d095ee1	 body: undefined	got (https://github.com/sindresorhus/got)
7/7/2021, 7:00:02 PM	200	GET	/users/13f70d66-a0e6-4c4f-8efb-e9130d095ee1	 body: undefined	got (https://github.com/sindresorhus/got)
7/7/2021, 7:00:02 PM	200	DELETE	/users/13f70d66-a0e6-4c4f-8efb-e9130d095ee1	 body: undefined	got (https://github.com/sindresorhus/got)
7/7/2021, 7:00:03 PM	200	GET	/users	 body: undefined	got (https://github.com/sindresorhus/got)
7/7/2021, 7:00:03 PM	200	POST	/users	 body: undefined	got (https://github.com/sindresorhus/got)
7/7/2021, 7:00:03 PM	200	PUT	/users/4d987b54-b9e9-45b2-b9d2-4b1e2f36474e	 body: undefined	got (https://github.com/sindresorhus/got)
7/7/2021, 7:00:03 PM	200	GET	/users/4d987b54-b9e9-45b2-b9d2-4b1e2f36474e	 body: undefined	got (https://github.com/sindresorhus/got)
7/7/2021, 7:00:03 PM	200	DELETE	/users/4d987b54-b9e9-45b2-b9d2-4b1e2f36474e	 body: undefined	got (https://github.com/sindresorhus/got)
7/7/2021, 7:00:03 PM	200	GET	/users	 body: undefined	got (https://github.com/sindresorhus/got)
7/7/2021, 7:00:03 PM	200	POST	/users	 body: undefined	got (https://github.com/sindresorhus/got)
7/7/2021, 7:00:03 PM	200	PUT	/users/d2a0f13a-f22b-49a7-b45f-16fbae20696c	 body: undefined	got (https://github.com/sindresorhus/got)
7/7/2021, 7:00:03 PM	200	GET	/users/d2a0f13a-f22b-49a7-b45f-16fbae20696c	 body: undefined	got (https://github.com/sindresorhus/got)
7/7/2021, 7:00:03 PM	200	DELETE	/users/d2a0f13a-f22b-49a7-b45f-16fbae20696c	 body: undefined	got (https://github.com/sindresorhus/got)
7/7/2021, 7:00:03 PM	200	GET	/users	 body: undefined	got (https://github.com/sindresorhus/got)
7/7/2021, 7:00:03 PM	200	POST	/users	 body: undefined	got (https://github.com/sindresorhus/got)
7/7/2021, 7:00:03 PM	200	PUT	/users/6cdbff1d-038f-4e08-8da5-03455bac50c4	 body: undefined	got (https://github.com/sindresorhus/got)
7/7/2021, 7:00:03 PM	200	GET	/users/6cdbff1d-038f-4e08-8da5-03455bac50c4	 body: undefined	got (https://github.com/sindresorhus/got)
7/7/2021, 7:00:03 PM	200	DELETE	/users/6cdbff1d-038f-4e08-8da5-03455bac50c4	 body: undefined	got (https://github.com/sindresorhus/got)
7/7/2021, 7:00:03 PM	200	GET	/users	 body: undefined	got (https://github.com/sindresorhus/got)
7/7/2021, 7:00:03 PM	200	POST	/users	 body: undefined	got (https://github.com/sindresorhus/got)
7/7/2021, 7:00:03 PM	200	PUT	/users/dd3d3404-3e12-41f5-80cc-0a2f3fee1119	 body: undefined	got (https://github.com/sindresorhus/got)
7/7/2021, 7:00:03 PM	200	GET	/users/dd3d3404-3e12-41f5-80cc-0a2f3fee1119	 body: undefined	got (https://github.com/sindresorhus/got)
7/7/2021, 7:00:03 PM	200	DELETE	/users/dd3d3404-3e12-41f5-80cc-0a2f3fee1119	 body: undefined	got (https://github.com/sindresorhus/got)
7/7/2021, 7:00:03 PM	200	GET	/users	 body: undefined	got (https://github.com/sindresorhus/got)
7/7/2021, 7:00:03 PM	200	POST	/users	 body: undefined	got (https://github.com/sindresorhus/got)
7/7/2021, 7:00:03 PM	200	PUT	/users/b9f35ff2-228f-491e-b336-b073bd8e41b8	 body: undefined	got (https://github.com/sindresorhus/got)
7/7/2021, 7:00:03 PM	200	GET	/users/b9f35ff2-228f-491e-b336-b073bd8e41b8	 body: undefined	got (https://github.com/sindresorhus/got)
7/7/2021, 7:00:03 PM	200	DELETE	/users/b9f35ff2-228f-491e-b336-b073bd8e41b8	 body: undefined	got (https://github.com/sindresorhus/got)
7/7/2021, 7:00:04 PM	200	GET	/users	 body: undefined	got (https://github.com/sindresorhus/got)
7/7/2021, 7:00:04 PM	200	POST	/users	 body: undefined	got (https://github.com/sindresorhus/got)
7/7/2021, 7:00:04 PM	200	PUT	/users/d84679df-674f-41da-9361-be828d3f56d6	 body: undefined	got (https://github.com/sindresorhus/got)
7/7/2021, 7:00:04 PM	200	GET	/users/d84679df-674f-41da-9361-be828d3f56d6	 body: undefined	got (https://github.com/sindresorhus/got)
7/7/2021, 7:00:04 PM	200	DELETE	/users/d84679df-674f-41da-9361-be828d3f56d6	 body: undefined	got (https://github.com/sindresorhus/got)
7/7/2021, 7:00:04 PM	200	GET	/users	 body: undefined	got (https://github.com/sindresorhus/got)
7/7/2021, 7:00:04 PM	200	POST	/users	 body: undefined	got (https://github.com/sindresorhus/got)
7/7/2021, 7:00:04 PM	200	PUT	/users/f8a960fc-a941-4435-a122-abd51f142a6e	 body: undefined	got (https://github.com/sindresorhus/got)
7/7/2021, 7:00:04 PM	200	GET	/users/f8a960fc-a941-4435-a122-abd51f142a6e	 body: undefined	got (https://github.com/sindresorhus/got)
7/7/2021, 7:00:04 PM	200	DELETE	/users/f8a960fc-a941-4435-a122-abd51f142a6e	 body: undefined	got (https://github.com/sindresorhus/got)
7/7/2021, 7:00:04 PM	200	GET	/users	 body: undefined	got (https://github.com/sindresorhus/got)
7/7/2021, 7:00:04 PM	200	POST	/users	 body: undefined	got (https://github.com/sindresorhus/got)
7/7/2021, 7:00:04 PM	200	PUT	/users/f3d67a03-65c8-4ea2-a48f-a5ddfbe167df	 body: undefined	got (https://github.com/sindresorhus/got)
7/7/2021, 7:00:04 PM	200	GET	/users/f3d67a03-65c8-4ea2-a48f-a5ddfbe167df	 body: undefined	got (https://github.com/sindresorhus/got)
7/7/2021, 7:00:04 PM	200	DELETE	/users/f3d67a03-65c8-4ea2-a48f-a5ddfbe167df	 body: undefined	got (https://github.com/sindresorhus/got)
7/7/2021, 7:00:04 PM	200	GET	/users	 body: undefined	got (https://github.com/sindresorhus/got)
7/7/2021, 7:00:04 PM	200	POST	/users	 body: undefined	got (https://github.com/sindresorhus/got)
7/7/2021, 7:00:04 PM	200	PUT	/users/2b7d30da-d7d1-47e5-9b33-c984a7c4bfbf	 body: undefined	got (https://github.com/sindresorhus/got)
7/7/2021, 7:00:04 PM	200	GET	/users/2b7d30da-d7d1-47e5-9b33-c984a7c4bfbf	 body: undefined	got (https://github.com/sindresorhus/got)
7/7/2021, 7:00:04 PM	200	DELETE	/users/2b7d30da-d7d1-47e5-9b33-c984a7c4bfbf	 body: undefined	got (https://github.com/sindresorhus/got)
7/7/2021, 7:00:04 PM	200	GET	/users	 body: undefined	got (https://github.com/sindresorhus/got)
7/7/2021, 7:00:04 PM	200	POST	/users	 body: undefined	got (https://github.com/sindresorhus/got)
7/7/2021, 7:00:04 PM	200	PUT	/users/fd5970da-7196-46f4-8e1e-ca35eec6dc32	 body: undefined	got (https://github.com/sindresorhus/got)
7/7/2021, 7:00:04 PM	200	GET	/users/fd5970da-7196-46f4-8e1e-ca35eec6dc32	 body: undefined	got (https://github.com/sindresorhus/got)
7/7/2021, 7:00:04 PM	200	DELETE	/users/fd5970da-7196-46f4-8e1e-ca35eec6dc32	 body: undefined	got (https://github.com/sindresorhus/got)
7/7/2021, 7:00:05 PM	200	GET	/users	 body: undefined	got (https://github.com/sindresorhus/got)
7/7/2021, 7:00:05 PM	200	POST	/users	 body: undefined	got (https://github.com/sindresorhus/got)
7/7/2021, 7:00:05 PM	200	PUT	/users/5728daa0-4acd-4ff4-b720-f8edd6066160	 body: undefined	got (https://github.com/sindresorhus/got)
7/7/2021, 7:00:05 PM	200	GET	/users/5728daa0-4acd-4ff4-b720-f8edd6066160	 body: undefined	got (https://github.com/sindresorhus/got)
7/7/2021, 7:00:05 PM	200	DELETE	/users/5728daa0-4acd-4ff4-b720-f8edd6066160	 body: undefined	got (https://github.com/sindresorhus/got)
7/7/2021, 7:00:05 PM	200	GET	/users	 body: undefined	got (https://github.com/sindresorhus/got)
7/7/2021, 7:00:05 PM	200	POST	/users	 body: undefined	got (https://github.com/sindresorhus/got)
7/7/2021, 7:00:05 PM	200	PUT	/users/8f02dc8b-e439-40a0-a056-5588d4daf8a8	 body: undefined	got (https://github.com/sindresorhus/got)
7/7/2021, 7:00:05 PM	200	GET	/users/8f02dc8b-e439-40a0-a056-5588d4daf8a8	 body: undefined	got (https://github.com/sindresorhus/got)
7/7/2021, 7:00:05 PM	200	DELETE	/users/8f02dc8b-e439-40a0-a056-5588d4daf8a8	 body: undefined	got (https://github.com/sindresorhus/got)
7/7/2021, 7:00:05 PM	200	GET	/users	 body: undefined	got (https://github.com/sindresorhus/got)
7/7/2021, 7:00:05 PM	200	POST	/users	 body: undefined	got (https://github.com/sindresorhus/got)
7/7/2021, 7:00:05 PM	200	PUT	/users/c3161a02-2472-4e80-9176-5a55e9c0834c	 body: undefined	got (https://github.com/sindresorhus/got)
7/7/2021, 7:00:05 PM	200	GET	/users/c3161a02-2472-4e80-9176-5a55e9c0834c	 body: undefined	got (https://github.com/sindresorhus/got)
7/7/2021, 7:00:05 PM	200	DELETE	/users/c3161a02-2472-4e80-9176-5a55e9c0834c	 body: undefined	got (https://github.com/sindresorhus/got)
7/7/2021, 7:00:05 PM	200	GET	/users	 body: undefined	got (https://github.com/sindresorhus/got)
7/7/2021, 7:00:05 PM	200	POST	/users	 body: undefined	got (https://github.com/sindresorhus/got)
7/7/2021, 7:00:05 PM	200	PUT	/users/e3cecbb9-6aa5-4887-9596-1ad40a59c559	 body: undefined	got (https://github.com/sindresorhus/got)
7/7/2021, 7:00:05 PM	200	GET	/users/e3cecbb9-6aa5-4887-9596-1ad40a59c559	 body: undefined	got (https://github.com/sindresorhus/got)
7/7/2021, 7:00:05 PM	200	DELETE	/users/e3cecbb9-6aa5-4887-9596-1ad40a59c559	 body: undefined	got (https://github.com/sindresorhus/got)
7/7/2021, 7:00:05 PM	200	GET	/users	 body: undefined	got (https://github.com/sindresorhus/got)
7/7/2021, 7:00:05 PM	200	POST	/users	 body: undefined	got (https://github.com/sindresorhus/got)
7/7/2021, 7:00:05 PM	200	PUT	/users/3829f581-ccfd-46b5-9737-bef7596dfd24	 body: undefined	got (https://github.com/sindresorhus/got)
7/7/2021, 7:00:05 PM	200	GET	/users/3829f581-ccfd-46b5-9737-bef7596dfd24	 body: undefined	got (https://github.com/sindresorhus/got)
7/7/2021, 7:00:05 PM	200	DELETE	/users/3829f581-ccfd-46b5-9737-bef7596dfd24	 body: undefined	got (https://github.com/sindresorhus/got)
7/7/2021, 7:00:06 PM	200	GET	/users	 body: undefined	got (https://github.com/sindresorhus/got)
7/7/2021, 7:00:06 PM	200	POST	/users	 body: undefined	got (https://github.com/sindresorhus/got)
7/7/2021, 7:00:06 PM	200	PUT	/users/c5a1a318-4706-44b3-882d-a37a73c06dcf	 body: undefined	got (https://github.com/sindresorhus/got)
7/7/2021, 7:00:06 PM	200	GET	/users/c5a1a318-4706-44b3-882d-a37a73c06dcf	 body: undefined	got (https://github.com/sindresorhus/got)
7/7/2021, 7:00:06 PM	200	DELETE	/users/c5a1a318-4706-44b3-882d-a37a73c06dcf	 body: undefined	got (https://github.com/sindresorhus/got)
7/7/2021, 7:00:06 PM	200	GET	/users	 body: undefined	got (https://github.com/sindresorhus/got)
7/7/2021, 7:00:06 PM	200	POST	/users	 body: undefined	got (https://github.com/sindresorhus/got)
7/7/2021, 7:00:06 PM	200	PUT	/users/d33f4a6e-d9d5-422d-846d-a72a441883a2	 body: undefined	got (https://github.com/sindresorhus/got)
7/7/2021, 7:00:06 PM	200	GET	/users/d33f4a6e-d9d5-422d-846d-a72a441883a2	 body: undefined	got (https://github.com/sindresorhus/got)
7/7/2021, 7:00:06 PM	200	DELETE	/users/d33f4a6e-d9d5-422d-846d-a72a441883a2	 body: undefined	got (https://github.com/sindresorhus/got)
7/7/2021, 7:00:06 PM	200	GET	/users	 body: undefined	got (https://github.com/sindresorhus/got)
7/7/2021, 7:00:06 PM	200	POST	/users	 body: undefined	got (https://github.com/sindresorhus/got)
7/7/2021, 7:00:06 PM	200	PUT	/users/06e2100a-ec6e-4817-8413-afa2bc769a14	 body: undefined	got (https://github.com/sindresorhus/got)
7/7/2021, 7:00:06 PM	200	GET	/users/06e2100a-ec6e-4817-8413-afa2bc769a14	 body: undefined	got (https://github.com/sindresorhus/got)
7/7/2021, 7:00:06 PM	200	DELETE	/users/06e2100a-ec6e-4817-8413-afa2bc769a14	 body: undefined	got (https://github.com/sindresorhus/got)
7/7/2021, 7:00:06 PM	200	GET	/users	 body: undefined	got (https://github.com/sindresorhus/got)
7/7/2021, 7:00:06 PM	200	POST	/users	 body: undefined	got (https://github.com/sindresorhus/got)
7/7/2021, 7:00:06 PM	200	PUT	/users/0f9371bc-2a66-4ce4-adb8-43cd3616ff6d	 body: undefined	got (https://github.com/sindresorhus/got)
7/7/2021, 7:00:06 PM	200	GET	/users/0f9371bc-2a66-4ce4-adb8-43cd3616ff6d	 body: undefined	got (https://github.com/sindresorhus/got)
7/7/2021, 7:00:06 PM	200	DELETE	/users/0f9371bc-2a66-4ce4-adb8-43cd3616ff6d	 body: undefined	got (https://github.com/sindresorhus/got)
7/7/2021, 7:00:06 PM	200	GET	/users	 body: undefined	got (https://github.com/sindresorhus/got)
7/7/2021, 7:00:06 PM	200	POST	/users	 body: undefined	got (https://github.com/sindresorhus/got)
7/7/2021, 7:00:06 PM	200	PUT	/users/115077c4-afa3-48ff-987b-195fea88fc0b	 body: undefined	got (https://github.com/sindresorhus/got)
7/7/2021, 7:00:06 PM	200	GET	/users/115077c4-afa3-48ff-987b-195fea88fc0b	 body: undefined	got (https://github.com/sindresorhus/got)
7/7/2021, 7:00:06 PM	200	DELETE	/users/115077c4-afa3-48ff-987b-195fea88fc0b	 body: undefined	got (https://github.com/sindresorhus/got)
7/7/2021, 7:00:07 PM	200	GET	/users	 body: undefined	got (https://github.com/sindresorhus/got)
7/7/2021, 7:00:07 PM	200	POST	/users	 body: undefined	got (https://github.com/sindresorhus/got)
7/7/2021, 7:00:07 PM	200	PUT	/users/e188e729-ca59-4d1a-8d2c-70035b9a90fd	 body: undefined	got (https://github.com/sindresorhus/got)
7/7/2021, 7:00:07 PM	200	GET	/users/e188e729-ca59-4d1a-8d2c-70035b9a90fd	 body: undefined	got (https://github.com/sindresorhus/got)
7/7/2021, 7:00:07 PM	200	DELETE	/users/e188e729-ca59-4d1a-8d2c-70035b9a90fd	 body: undefined	got (https://github.com/sindresorhus/got)
7/7/2021, 7:00:07 PM	200	GET	/users	 body: undefined	got (https://github.com/sindresorhus/got)
7/7/2021, 7:00:07 PM	200	POST	/users	 body: undefined	got (https://github.com/sindresorhus/got)
7/7/2021, 7:00:07 PM	200	PUT	/users/ae37deab-dd5e-4b15-8564-6727fefd5d7e	 body: undefined	got (https://github.com/sindresorhus/got)
7/7/2021, 7:00:07 PM	200	GET	/users/ae37deab-dd5e-4b15-8564-6727fefd5d7e	 body: undefined	got (https://github.com/sindresorhus/got)
7/7/2021, 7:00:07 PM	200	DELETE	/users/ae37deab-dd5e-4b15-8564-6727fefd5d7e	 body: undefined	got (https://github.com/sindresorhus/got)
7/7/2021, 7:00:07 PM	200	GET	/users	 body: undefined	got (https://github.com/sindresorhus/got)
7/7/2021, 7:00:07 PM	200	POST	/users	 body: undefined	got (https://github.com/sindresorhus/got)
7/7/2021, 7:00:07 PM	200	PUT	/users/675c1c4c-5b70-48b1-8ff9-965b5830cdd4	 body: undefined	got (https://github.com/sindresorhus/got)
7/7/2021, 7:00:07 PM	200	GET	/users/675c1c4c-5b70-48b1-8ff9-965b5830cdd4	 body: undefined	got (https://github.com/sindresorhus/got)
7/7/2021, 7:00:07 PM	200	DELETE	/users/675c1c4c-5b70-48b1-8ff9-965b5830cdd4	 body: undefined	got (https://github.com/sindresorhus/got)
7/7/2021, 7:00:07 PM	200	GET	/users	 body: undefined	got (https://github.com/sindresorhus/got)
7/7/2021, 7:00:07 PM	200	POST	/users	 body: undefined	got (https://github.com/sindresorhus/got)
7/7/2021, 7:00:07 PM	200	PUT	/users/6688f4ef-dcd0-425b-9268-e334754c4bdb	 body: undefined	got (https://github.com/sindresorhus/got)
7/7/2021, 7:00:07 PM	200	GET	/users/6688f4ef-dcd0-425b-9268-e334754c4bdb	 body: undefined	got (https://github.com/sindresorhus/got)
7/7/2021, 7:00:07 PM	200	DELETE	/users/6688f4ef-dcd0-425b-9268-e334754c4bdb	 body: undefined	got (https://github.com/sindresorhus/got)
7/7/2021, 7:00:07 PM	200	GET	/users	 body: undefined	got (https://github.com/sindresorhus/got)
7/7/2021, 7:00:07 PM	200	POST	/users	 body: undefined	got (https://github.com/sindresorhus/got)
7/7/2021, 7:00:07 PM	200	PUT	/users/23772502-5175-411a-ad6c-43242ae4facd	 body: undefined	got (https://github.com/sindresorhus/got)
7/7/2021, 7:00:07 PM	200	GET	/users/23772502-5175-411a-ad6c-43242ae4facd	 body: undefined	got (https://github.com/sindresorhus/got)
7/7/2021, 7:00:07 PM	200	DELETE	/users/23772502-5175-411a-ad6c-43242ae4facd	 body: undefined	got (https://github.com/sindresorhus/got)
7/7/2021, 7:00:08 PM	200	GET	/users	 body: undefined	got (https://github.com/sindresorhus/got)
7/7/2021, 7:00:08 PM	200	POST	/users	 body: undefined	got (https://github.com/sindresorhus/got)
7/7/2021, 7:00:08 PM	200	PUT	/users/312d2f39-9c09-4827-80e7-1f89dcce0298	 body: undefined	got (https://github.com/sindresorhus/got)
7/7/2021, 7:00:08 PM	200	GET	/users/312d2f39-9c09-4827-80e7-1f89dcce0298	 body: undefined	got (https://github.com/sindresorhus/got)
7/7/2021, 7:00:08 PM	200	DELETE	/users/312d2f39-9c09-4827-80e7-1f89dcce0298	 body: undefined	got (https://github.com/sindresorhus/got)
7/7/2021, 7:00:08 PM	200	GET	/users	 body: undefined	got (https://github.com/sindresorhus/got)
7/7/2021, 7:00:08 PM	200	POST	/users	 body: undefined	got (https://github.com/sindresorhus/got)
7/7/2021, 7:00:08 PM	200	PUT	/users/7a35e7dd-b292-443b-a0a7-048e6d1a86d1	 body: undefined	got (https://github.com/sindresorhus/got)
7/7/2021, 7:00:08 PM	200	GET	/users/7a35e7dd-b292-443b-a0a7-048e6d1a86d1	 body: undefined	got (https://github.com/sindresorhus/got)
7/7/2021, 7:00:08 PM	200	DELETE	/users/7a35e7dd-b292-443b-a0a7-048e6d1a86d1	 body: undefined	got (https://github.com/sindresorhus/got)
7/7/2021, 7:00:08 PM	200	GET	/users	 body: undefined	got (https://github.com/sindresorhus/got)
7/7/2021, 7:00:08 PM	200	POST	/users	 body: undefined	got (https://github.com/sindresorhus/got)
7/7/2021, 7:00:08 PM	200	PUT	/users/32965781-c7c0-4745-a83e-528bc11645a7	 body: undefined	got (https://github.com/sindresorhus/got)
7/7/2021, 7:00:08 PM	200	GET	/users/32965781-c7c0-4745-a83e-528bc11645a7	 body: undefined	got (https://github.com/sindresorhus/got)
7/7/2021, 7:00:08 PM	200	DELETE	/users/32965781-c7c0-4745-a83e-528bc11645a7	 body: undefined	got (https://github.com/sindresorhus/got)
7/7/2021, 7:00:08 PM	200	GET	/users	 body: undefined	got (https://github.com/sindresorhus/got)
7/7/2021, 7:00:08 PM	200	POST	/users	 body: undefined	got (https://github.com/sindresorhus/got)
7/7/2021, 7:00:08 PM	200	PUT	/users/630a3b89-3908-4db4-bc12-7ccc27d6e923	 body: undefined	got (https://github.com/sindresorhus/got)
7/7/2021, 7:00:08 PM	200	GET	/users/630a3b89-3908-4db4-bc12-7ccc27d6e923	 body: undefined	got (https://github.com/sindresorhus/got)
7/7/2021, 7:00:08 PM	200	DELETE	/users/630a3b89-3908-4db4-bc12-7ccc27d6e923	 body: undefined	got (https://github.com/sindresorhus/got)
7/7/2021, 7:00:08 PM	200	GET	/users	 body: undefined	got (https://github.com/sindresorhus/got)
7/7/2021, 7:00:08 PM	200	POST	/users	 body: undefined	got (https://github.com/sindresorhus/got)
7/7/2021, 7:00:08 PM	200	PUT	/users/2ac5ab71-35c9-4346-8831-05c1341a8444	 body: undefined	got (https://github.com/sindresorhus/got)
7/7/2021, 7:00:08 PM	200	GET	/users/2ac5ab71-35c9-4346-8831-05c1341a8444	 body: undefined	got (https://github.com/sindresorhus/got)
7/7/2021, 7:00:08 PM	200	DELETE	/users/2ac5ab71-35c9-4346-8831-05c1341a8444	 body: undefined	got (https://github.com/sindresorhus/got)
7/7/2021, 7:00:09 PM	200	GET	/users	 body: undefined	got (https://github.com/sindresorhus/got)
7/7/2021, 7:00:09 PM	200	POST	/users	 body: undefined	got (https://github.com/sindresorhus/got)
7/7/2021, 7:00:09 PM	200	PUT	/users/ac6ec3c1-c273-4ee2-bd0f-e024df3e8c5d	 body: undefined	got (https://github.com/sindresorhus/got)
7/7/2021, 7:00:09 PM	200	GET	/users/ac6ec3c1-c273-4ee2-bd0f-e024df3e8c5d	 body: undefined	got (https://github.com/sindresorhus/got)
7/7/2021, 7:00:09 PM	200	DELETE	/users/ac6ec3c1-c273-4ee2-bd0f-e024df3e8c5d	 body: undefined	got (https://github.com/sindresorhus/got)
7/7/2021, 7:00:09 PM	200	GET	/users	 body: undefined	got (https://github.com/sindresorhus/got)
7/7/2021, 7:00:09 PM	200	POST	/users	 body: undefined	got (https://github.com/sindresorhus/got)
7/7/2021, 7:00:09 PM	200	PUT	/users/f973eac6-ed29-45c4-9cb2-360f8d38460e	 body: undefined	got (https://github.com/sindresorhus/got)
7/7/2021, 7:00:09 PM	200	GET	/users/f973eac6-ed29-45c4-9cb2-360f8d38460e	 body: undefined	got (https://github.com/sindresorhus/got)
7/7/2021, 7:00:09 PM	200	DELETE	/users/f973eac6-ed29-45c4-9cb2-360f8d38460e	 body: undefined	got (https://github.com/sindresorhus/got)
7/7/2021, 7:00:09 PM	200	GET	/users	 body: undefined	got (https://github.com/sindresorhus/got)
7/7/2021, 7:00:09 PM	200	POST	/users	 body: undefined	got (https://github.com/sindresorhus/got)
7/7/2021, 7:00:09 PM	200	PUT	/users/adcad631-7d49-4122-a167-7ae6cdf9c9f6	 body: undefined	got (https://github.com/sindresorhus/got)
7/7/2021, 7:00:09 PM	200	GET	/users/adcad631-7d49-4122-a167-7ae6cdf9c9f6	 body: undefined	got (https://github.com/sindresorhus/got)
7/7/2021, 7:00:09 PM	200	DELETE	/users/adcad631-7d49-4122-a167-7ae6cdf9c9f6	 body: undefined	got (https://github.com/sindresorhus/got)
7/7/2021, 7:00:09 PM	200	GET	/users	 body: undefined	got (https://github.com/sindresorhus/got)
7/7/2021, 7:00:09 PM	200	POST	/users	 body: undefined	got (https://github.com/sindresorhus/got)
7/7/2021, 7:00:09 PM	200	PUT	/users/df35707f-35a2-4b86-a1fd-67e2282439d2	 body: undefined	got (https://github.com/sindresorhus/got)
7/7/2021, 7:00:09 PM	200	GET	/users/df35707f-35a2-4b86-a1fd-67e2282439d2	 body: undefined	got (https://github.com/sindresorhus/got)
7/7/2021, 7:00:09 PM	200	DELETE	/users/df35707f-35a2-4b86-a1fd-67e2282439d2	 body: undefined	got (https://github.com/sindresorhus/got)
7/7/2021, 7:00:09 PM	200	GET	/users	 body: undefined	got (https://github.com/sindresorhus/got)
7/7/2021, 7:00:09 PM	200	POST	/users	 body: undefined	got (https://github.com/sindresorhus/got)
7/7/2021, 7:00:09 PM	200	PUT	/users/2cbefaeb-2639-4952-8e76-164fcaa8c493	 body: undefined	got (https://github.com/sindresorhus/got)
7/7/2021, 7:00:09 PM	200	GET	/users/2cbefaeb-2639-4952-8e76-164fcaa8c493	 body: undefined	got (https://github.com/sindresorhus/got)
7/7/2021, 7:00:09 PM	200	DELETE	/users/2cbefaeb-2639-4952-8e76-164fcaa8c493	 body: undefined	got (https://github.com/sindresorhus/got)
7/7/2021, 7:00:10 PM	200	GET	/users	 body: undefined	got (https://github.com/sindresorhus/got)
7/7/2021, 7:00:10 PM	200	POST	/users	 body: undefined	got (https://github.com/sindresorhus/got)
7/7/2021, 7:00:10 PM	200	PUT	/users/9144dce0-d8a8-4469-8218-1c596f047442	 body: undefined	got (https://github.com/sindresorhus/got)
7/7/2021, 7:00:10 PM	200	GET	/users/9144dce0-d8a8-4469-8218-1c596f047442	 body: undefined	got (https://github.com/sindresorhus/got)
7/7/2021, 7:00:10 PM	200	DELETE	/users/9144dce0-d8a8-4469-8218-1c596f047442	 body: undefined	got (https://github.com/sindresorhus/got)
7/7/2021, 7:00:10 PM	200	GET	/users	 body: undefined	got (https://github.com/sindresorhus/got)
7/7/2021, 7:00:10 PM	200	POST	/users	 body: undefined	got (https://github.com/sindresorhus/got)
7/7/2021, 7:00:10 PM	200	PUT	/users/85efb271-63f6-49fe-be17-79596b098123	 body: undefined	got (https://github.com/sindresorhus/got)
7/7/2021, 7:00:10 PM	200	GET	/users/85efb271-63f6-49fe-be17-79596b098123	 body: undefined	got (https://github.com/sindresorhus/got)
7/7/2021, 7:00:10 PM	200	DELETE	/users/85efb271-63f6-49fe-be17-79596b098123	 body: undefined	got (https://github.com/sindresorhus/got)
7/7/2021, 7:00:10 PM	200	GET	/users	 body: undefined	got (https://github.com/sindresorhus/got)
7/7/2021, 7:00:10 PM	200	POST	/users	 body: undefined	got (https://github.com/sindresorhus/got)
7/7/2021, 7:00:10 PM	200	PUT	/users/f6321908-6837-484d-8877-19e76c7167ba	 body: undefined	got (https://github.com/sindresorhus/got)
7/7/2021, 7:00:10 PM	200	GET	/users/f6321908-6837-484d-8877-19e76c7167ba	 body: undefined	got (https://github.com/sindresorhus/got)
7/7/2021, 7:00:10 PM	200	DELETE	/users/f6321908-6837-484d-8877-19e76c7167ba	 body: undefined	got (https://github.com/sindresorhus/got)
7/7/2021, 7:00:10 PM	200	GET	/users	 body: undefined	got (https://github.com/sindresorhus/got)
7/7/2021, 7:00:10 PM	200	POST	/users	 body: undefined	got (https://github.com/sindresorhus/got)
7/7/2021, 7:00:10 PM	200	PUT	/users/c8bbfd45-60d7-4155-97dc-42b47badbd27	 body: undefined	got (https://github.com/sindresorhus/got)
7/7/2021, 7:00:10 PM	200	GET	/users/c8bbfd45-60d7-4155-97dc-42b47badbd27	 body: undefined	got (https://github.com/sindresorhus/got)
7/7/2021, 7:00:10 PM	200	DELETE	/users/c8bbfd45-60d7-4155-97dc-42b47badbd27	 body: undefined	got (https://github.com/sindresorhus/got)
7/7/2021, 7:00:10 PM	200	GET	/users	 body: undefined	got (https://github.com/sindresorhus/got)
7/7/2021, 7:00:10 PM	200	POST	/users	 body: undefined	got (https://github.com/sindresorhus/got)
7/7/2021, 7:00:10 PM	200	PUT	/users/d0ca533e-d82a-470b-a827-ddf7eee32d42	 body: undefined	got (https://github.com/sindresorhus/got)
7/7/2021, 7:00:10 PM	200	GET	/users/d0ca533e-d82a-470b-a827-ddf7eee32d42	 body: undefined	got (https://github.com/sindresorhus/got)
7/7/2021, 7:00:10 PM	200	DELETE	/users/d0ca533e-d82a-470b-a827-ddf7eee32d42	 body: undefined	got (https://github.com/sindresorhus/got)
7/7/2021, 7:00:11 PM	200	GET	/users	 body: undefined	got (https://github.com/sindresorhus/got)
7/7/2021, 7:00:11 PM	200	POST	/users	 body: undefined	got (https://github.com/sindresorhus/got)
7/7/2021, 7:00:11 PM	200	PUT	/users/40f2212f-b667-4176-9232-2d72e57baf39	 body: undefined	got (https://github.com/sindresorhus/got)
7/7/2021, 7:00:11 PM	200	GET	/users/40f2212f-b667-4176-9232-2d72e57baf39	 body: undefined	got (https://github.com/sindresorhus/got)
7/7/2021, 7:00:11 PM	200	DELETE	/users/40f2212f-b667-4176-9232-2d72e57baf39	 body: undefined	got (https://github.com/sindresorhus/got)
7/7/2021, 7:00:11 PM	200	GET	/users	 body: undefined	got (https://github.com/sindresorhus/got)
7/7/2021, 7:00:11 PM	200	POST	/users	 body: undefined	got (https://github.com/sindresorhus/got)
7/7/2021, 7:00:11 PM	200	PUT	/users/30dd72e2-20a2-4f7a-9b63-3a4fa2a13800	 body: undefined	got (https://github.com/sindresorhus/got)
7/7/2021, 7:00:11 PM	200	GET	/users/30dd72e2-20a2-4f7a-9b63-3a4fa2a13800	 body: undefined	got (https://github.com/sindresorhus/got)
7/7/2021, 7:00:11 PM	200	DELETE	/users/30dd72e2-20a2-4f7a-9b63-3a4fa2a13800	 body: undefined	got (https://github.com/sindresorhus/got)
7/7/2021, 7:00:11 PM	200	GET	/users	 body: undefined	got (https://github.com/sindresorhus/got)
7/7/2021, 7:00:11 PM	200	POST	/users	 body: undefined	got (https://github.com/sindresorhus/got)
7/7/2021, 7:00:11 PM	200	PUT	/users/82122b2c-14e9-4d45-8fc0-e575f889056c	 body: undefined	got (https://github.com/sindresorhus/got)
7/7/2021, 7:00:11 PM	200	GET	/users/82122b2c-14e9-4d45-8fc0-e575f889056c	 body: undefined	got (https://github.com/sindresorhus/got)
7/7/2021, 7:00:11 PM	200	DELETE	/users/82122b2c-14e9-4d45-8fc0-e575f889056c	 body: undefined	got (https://github.com/sindresorhus/got)
7/7/2021, 7:00:11 PM	200	GET	/users	 body: undefined	got (https://github.com/sindresorhus/got)
7/7/2021, 7:00:11 PM	200	POST	/users	 body: undefined	got (https://github.com/sindresorhus/got)
7/7/2021, 7:00:11 PM	200	PUT	/users/1a0c5493-db0c-46d4-aeae-0b08536520f8	 body: undefined	got (https://github.com/sindresorhus/got)
7/7/2021, 7:00:11 PM	200	GET	/users/1a0c5493-db0c-46d4-aeae-0b08536520f8	 body: undefined	got (https://github.com/sindresorhus/got)
7/7/2021, 7:00:11 PM	200	DELETE	/users/1a0c5493-db0c-46d4-aeae-0b08536520f8	 body: undefined	got (https://github.com/sindresorhus/got)
7/7/2021, 7:00:11 PM	200	GET	/users	 body: undefined	got (https://github.com/sindresorhus/got)
7/7/2021, 7:00:11 PM	200	POST	/users	 body: undefined	got (https://github.com/sindresorhus/got)
7/7/2021, 7:00:11 PM	200	PUT	/users/e79a5a28-7530-4f52-b40b-f7bd53d98f7c	 body: undefined	got (https://github.com/sindresorhus/got)
7/7/2021, 7:00:11 PM	200	GET	/users/e79a5a28-7530-4f52-b40b-f7bd53d98f7c	 body: undefined	got (https://github.com/sindresorhus/got)
7/7/2021, 7:00:11 PM	200	DELETE	/users/e79a5a28-7530-4f52-b40b-f7bd53d98f7c	 body: undefined	got (https://github.com/sindresorhus/got)
7/7/2021, 7:00:12 PM	200	GET	/users	 body: undefined	got (https://github.com/sindresorhus/got)
7/7/2021, 7:00:12 PM	200	POST	/users	 body: undefined	got (https://github.com/sindresorhus/got)
7/7/2021, 7:00:12 PM	200	PUT	/users/0f5a12df-ac20-4251-a5ea-bccd9633ab59	 body: undefined	got (https://github.com/sindresorhus/got)
7/7/2021, 7:00:12 PM	200	GET	/users/0f5a12df-ac20-4251-a5ea-bccd9633ab59	 body: undefined	got (https://github.com/sindresorhus/got)
7/7/2021, 7:00:12 PM	200	DELETE	/users/0f5a12df-ac20-4251-a5ea-bccd9633ab59	 body: undefined	got (https://github.com/sindresorhus/got)
7/7/2021, 7:00:12 PM	200	GET	/users	 body: undefined	got (https://github.com/sindresorhus/got)
7/7/2021, 7:00:12 PM	200	POST	/users	 body: undefined	got (https://github.com/sindresorhus/got)
7/7/2021, 7:00:12 PM	200	PUT	/users/1e35a1b4-5722-4f81-898b-074935b0933c	 body: undefined	got (https://github.com/sindresorhus/got)
7/7/2021, 7:00:12 PM	200	GET	/users/1e35a1b4-5722-4f81-898b-074935b0933c	 body: undefined	got (https://github.com/sindresorhus/got)
7/7/2021, 7:00:12 PM	200	DELETE	/users/1e35a1b4-5722-4f81-898b-074935b0933c	 body: undefined	got (https://github.com/sindresorhus/got)
7/7/2021, 7:00:12 PM	200	GET	/users	 body: undefined	got (https://github.com/sindresorhus/got)
7/7/2021, 7:00:12 PM	200	POST	/users	 body: undefined	got (https://github.com/sindresorhus/got)
7/7/2021, 7:00:12 PM	200	PUT	/users/18a2e804-4505-418e-a244-70da034ef66f	 body: undefined	got (https://github.com/sindresorhus/got)
7/7/2021, 7:00:12 PM	200	GET	/users/18a2e804-4505-418e-a244-70da034ef66f	 body: undefined	got (https://github.com/sindresorhus/got)
7/7/2021, 7:00:12 PM	200	DELETE	/users/18a2e804-4505-418e-a244-70da034ef66f	 body: undefined	got (https://github.com/sindresorhus/got)
7/7/2021, 7:00:12 PM	200	GET	/users	 body: undefined	got (https://github.com/sindresorhus/got)
7/7/2021, 7:00:12 PM	200	POST	/users	 body: undefined	got (https://github.com/sindresorhus/got)
7/7/2021, 7:00:12 PM	200	PUT	/users/4fb8ae58-3ba1-4315-bfe8-65d5a39e256e	 body: undefined	got (https://github.com/sindresorhus/got)
7/7/2021, 7:00:12 PM	200	GET	/users/4fb8ae58-3ba1-4315-bfe8-65d5a39e256e	 body: undefined	got (https://github.com/sindresorhus/got)
7/7/2021, 7:00:12 PM	200	DELETE	/users/4fb8ae58-3ba1-4315-bfe8-65d5a39e256e	 body: undefined	got (https://github.com/sindresorhus/got)
7/7/2021, 7:00:12 PM	200	GET	/users	 body: undefined	got (https://github.com/sindresorhus/got)
7/7/2021, 7:00:12 PM	200	POST	/users	 body: undefined	got (https://github.com/sindresorhus/got)
7/7/2021, 7:00:12 PM	200	PUT	/users/668a8f5b-4c1a-4e6d-b1a1-abf6500b19a5	 body: undefined	got (https://github.com/sindresorhus/got)
7/7/2021, 7:00:12 PM	200	GET	/users/668a8f5b-4c1a-4e6d-b1a1-abf6500b19a5	 body: undefined	got (https://github.com/sindresorhus/got)
7/7/2021, 7:00:12 PM	200	DELETE	/users/668a8f5b-4c1a-4e6d-b1a1-abf6500b19a5	 body: undefined	got (https://github.com/sindresorhus/got)
7/7/2021, 7:00:13 PM	200	GET	/users	 body: undefined	got (https://github.com/sindresorhus/got)
7/7/2021, 7:00:13 PM	200	POST	/users	 body: undefined	got (https://github.com/sindresorhus/got)
7/7/2021, 7:00:13 PM	200	PUT	/users/c93bd5cb-a43d-4efd-877f-0eb0d00458e8	 body: undefined	got (https://github.com/sindresorhus/got)
7/7/2021, 7:00:13 PM	200	GET	/users/c93bd5cb-a43d-4efd-877f-0eb0d00458e8	 body: undefined	got (https://github.com/sindresorhus/got)
7/7/2021, 7:00:13 PM	200	DELETE	/users/c93bd5cb-a43d-4efd-877f-0eb0d00458e8	 body: undefined	got (https://github.com/sindresorhus/got)
7/7/2021, 7:00:13 PM	200	GET	/users	 body: undefined	got (https://github.com/sindresorhus/got)
7/7/2021, 7:00:13 PM	200	POST	/users	 body: undefined	got (https://github.com/sindresorhus/got)
7/7/2021, 7:00:13 PM	200	PUT	/users/14828a62-0459-4f35-8670-5c202512d4cc	 body: undefined	got (https://github.com/sindresorhus/got)
7/7/2021, 7:00:13 PM	200	GET	/users/14828a62-0459-4f35-8670-5c202512d4cc	 body: undefined	got (https://github.com/sindresorhus/got)
7/7/2021, 7:00:13 PM	200	DELETE	/users/14828a62-0459-4f35-8670-5c202512d4cc	 body: undefined	got (https://github.com/sindresorhus/got)
7/7/2021, 7:00:13 PM	200	GET	/users	 body: undefined	got (https://github.com/sindresorhus/got)
7/7/2021, 7:00:13 PM	200	POST	/users	 body: undefined	got (https://github.com/sindresorhus/got)
7/7/2021, 7:00:13 PM	200	PUT	/users/95fdb10f-ea3f-490f-bdfb-b9aee57bdede	 body: undefined	got (https://github.com/sindresorhus/got)
7/7/2021, 7:00:13 PM	200	GET	/users/95fdb10f-ea3f-490f-bdfb-b9aee57bdede	 body: undefined	got (https://github.com/sindresorhus/got)
7/7/2021, 7:00:13 PM	200	DELETE	/users/95fdb10f-ea3f-490f-bdfb-b9aee57bdede	 body: undefined	got (https://github.com/sindresorhus/got)
7/7/2021, 7:00:13 PM	200	GET	/users	 body: undefined	got (https://github.com/sindresorhus/got)
7/7/2021, 7:00:13 PM	200	POST	/users	 body: undefined	got (https://github.com/sindresorhus/got)
7/7/2021, 7:00:13 PM	200	PUT	/users/d55a06ee-3b88-4cb2-97ec-c199ea5f26fb	 body: undefined	got (https://github.com/sindresorhus/got)
7/7/2021, 7:00:13 PM	200	GET	/users/d55a06ee-3b88-4cb2-97ec-c199ea5f26fb	 body: undefined	got (https://github.com/sindresorhus/got)
7/7/2021, 7:00:13 PM	200	DELETE	/users/d55a06ee-3b88-4cb2-97ec-c199ea5f26fb	 body: undefined	got (https://github.com/sindresorhus/got)
7/7/2021, 7:00:13 PM	200	GET	/users	 body: undefined	got (https://github.com/sindresorhus/got)
7/7/2021, 7:00:13 PM	200	POST	/users	 body: undefined	got (https://github.com/sindresorhus/got)
7/7/2021, 7:00:13 PM	200	PUT	/users/c1f6a4a4-2f27-4d0e-a73c-2a8c0e8ed0f2	 body: undefined	got (https://github.com/sindresorhus/got)
7/7/2021, 7:00:13 PM	200	GET	/users/c1f6a4a4-2f27-4d0e-a73c-2a8c0e8ed0f2	 body: undefined	got (https://github.com/sindresorhus/got)
7/7/2021, 7:00:13 PM	200	DELETE	/users/c1f6a4a4-2f27-4d0e-a73c-2a8c0e8ed0f2	 body: undefined	got (https://github.com/sindresorhus/got)
7/7/2021, 7:00:14 PM	200	GET	/users	 body: undefined	got (https://github.com/sindresorhus/got)
7/7/2021, 7:00:14 PM	200	POST	/users	 body: undefined	got (https://github.com/sindresorhus/got)
7/7/2021, 7:00:14 PM	200	PUT	/users/88f605a4-6f8d-4863-a6ff-2bc1a6777a83	 body: undefined	got (https://github.com/sindresorhus/got)
7/7/2021, 7:00:14 PM	200	GET	/users/88f605a4-6f8d-4863-a6ff-2bc1a6777a83	 body: undefined	got (https://github.com/sindresorhus/got)
7/7/2021, 7:00:14 PM	200	DELETE	/users/88f605a4-6f8d-4863-a6ff-2bc1a6777a83	 body: undefined	got (https://github.com/sindresorhus/got)
7/7/2021, 7:00:14 PM	200	GET	/users	 body: undefined	got (https://github.com/sindresorhus/got)
7/7/2021, 7:00:14 PM	200	POST	/users	 body: undefined	got (https://github.com/sindresorhus/got)
7/7/2021, 7:00:14 PM	200	PUT	/users/67390c7b-cd4a-4518-8be1-b810bedca332	 body: undefined	got (https://github.com/sindresorhus/got)
7/7/2021, 7:00:14 PM	200	GET	/users/67390c7b-cd4a-4518-8be1-b810bedca332	 body: undefined	got (https://github.com/sindresorhus/got)
7/7/2021, 7:00:14 PM	200	DELETE	/users/67390c7b-cd4a-4518-8be1-b810bedca332	 body: undefined	got (https://github.com/sindresorhus/got)
7/7/2021, 7:00:14 PM	200	GET	/users	 body: undefined	got (https://github.com/sindresorhus/got)
7/7/2021, 7:00:14 PM	200	POST	/users	 body: undefined	got (https://github.com/sindresorhus/got)
7/7/2021, 7:00:14 PM	200	PUT	/users/6d82e3fb-5dd3-4d85-a874-92e306cc8800	 body: undefined	got (https://github.com/sindresorhus/got)
7/7/2021, 7:00:14 PM	200	GET	/users/6d82e3fb-5dd3-4d85-a874-92e306cc8800	 body: undefined	got (https://github.com/sindresorhus/got)
7/7/2021, 7:00:14 PM	200	DELETE	/users/6d82e3fb-5dd3-4d85-a874-92e306cc8800	 body: undefined	got (https://github.com/sindresorhus/got)
7/7/2021, 7:00:14 PM	200	GET	/users	 body: undefined	got (https://github.com/sindresorhus/got)
7/7/2021, 7:00:14 PM	200	POST	/users	 body: undefined	got (https://github.com/sindresorhus/got)
7/7/2021, 7:00:14 PM	200	PUT	/users/cc181833-4503-4708-8e42-f71f88246669	 body: undefined	got (https://github.com/sindresorhus/got)
7/7/2021, 7:00:14 PM	200	GET	/users/cc181833-4503-4708-8e42-f71f88246669	 body: undefined	got (https://github.com/sindresorhus/got)
7/7/2021, 7:00:14 PM	200	DELETE	/users/cc181833-4503-4708-8e42-f71f88246669	 body: undefined	got (https://github.com/sindresorhus/got)
7/7/2021, 7:00:14 PM	200	GET	/users	 body: undefined	got (https://github.com/sindresorhus/got)
7/7/2021, 7:00:14 PM	200	POST	/users	 body: undefined	got (https://github.com/sindresorhus/got)
7/7/2021, 7:00:14 PM	200	PUT	/users/71b95363-b399-4f4c-b674-b0c37852c221	 body: undefined	got (https://github.com/sindresorhus/got)
7/7/2021, 7:00:14 PM	200	GET	/users/71b95363-b399-4f4c-b674-b0c37852c221	 body: undefined	got (https://github.com/sindresorhus/got)
7/7/2021, 7:00:14 PM	200	DELETE	/users/71b95363-b399-4f4c-b674-b0c37852c221	 body: undefined	got (https://github.com/sindresorhus/got)
7/7/2021, 7:00:15 PM	200	GET	/users	 body: undefined	got (https://github.com/sindresorhus/got)
7/7/2021, 7:00:15 PM	200	POST	/users	 body: undefined	got (https://github.com/sindresorhus/got)
7/7/2021, 7:00:15 PM	200	PUT	/users/25b67b3c-560f-4d64-8594-5939888fdda3	 body: undefined	got (https://github.com/sindresorhus/got)
7/7/2021, 7:00:15 PM	200	GET	/users/25b67b3c-560f-4d64-8594-5939888fdda3	 body: undefined	got (https://github.com/sindresorhus/got)
7/7/2021, 7:00:15 PM	200	DELETE	/users/25b67b3c-560f-4d64-8594-5939888fdda3	 body: undefined	got (https://github.com/sindresorhus/got)
7/7/2021, 7:00:15 PM	200	GET	/users	 body: undefined	got (https://github.com/sindresorhus/got)
7/7/2021, 7:00:15 PM	200	POST	/users	 body: undefined	got (https://github.com/sindresorhus/got)
7/7/2021, 7:00:15 PM	200	PUT	/users/59e5d9af-6e99-4a5b-a8b2-2f93079c8171	 body: undefined	got (https://github.com/sindresorhus/got)
7/7/2021, 7:00:15 PM	200	GET	/users/59e5d9af-6e99-4a5b-a8b2-2f93079c8171	 body: undefined	got (https://github.com/sindresorhus/got)
7/7/2021, 7:00:15 PM	200	DELETE	/users/59e5d9af-6e99-4a5b-a8b2-2f93079c8171	 body: undefined	got (https://github.com/sindresorhus/got)
7/7/2021, 7:00:15 PM	200	GET	/users	 body: undefined	got (https://github.com/sindresorhus/got)
7/7/2021, 7:00:15 PM	200	POST	/users	 body: undefined	got (https://github.com/sindresorhus/got)
7/7/2021, 7:00:15 PM	200	PUT	/users/0e1752d0-cdf1-4ea9-aec7-5c903c0f13d5	 body: undefined	got (https://github.com/sindresorhus/got)
7/7/2021, 7:00:15 PM	200	GET	/users/0e1752d0-cdf1-4ea9-aec7-5c903c0f13d5	 body: undefined	got (https://github.com/sindresorhus/got)
7/7/2021, 7:00:15 PM	200	DELETE	/users/0e1752d0-cdf1-4ea9-aec7-5c903c0f13d5	 body: undefined	got (https://github.com/sindresorhus/got)
7/7/2021, 7:00:15 PM	200	GET	/users	 body: undefined	got (https://github.com/sindresorhus/got)
7/7/2021, 7:00:15 PM	200	POST	/users	 body: undefined	got (https://github.com/sindresorhus/got)
7/7/2021, 7:00:15 PM	200	PUT	/users/e9db69e7-05bf-4bf5-b891-d5e704a7ca4a	 body: undefined	got (https://github.com/sindresorhus/got)
7/7/2021, 7:00:15 PM	200	GET	/users/e9db69e7-05bf-4bf5-b891-d5e704a7ca4a	 body: undefined	got (https://github.com/sindresorhus/got)
7/7/2021, 7:00:15 PM	200	DELETE	/users/e9db69e7-05bf-4bf5-b891-d5e704a7ca4a	 body: undefined	got (https://github.com/sindresorhus/got)
7/7/2021, 7:00:15 PM	200	GET	/users	 body: undefined	got (https://github.com/sindresorhus/got)
7/7/2021, 7:00:15 PM	200	POST	/users	 body: undefined	got (https://github.com/sindresorhus/got)
7/7/2021, 7:00:15 PM	200	PUT	/users/1b586c87-b330-4222-a476-21c6b00698f6	 body: undefined	got (https://github.com/sindresorhus/got)
7/7/2021, 7:00:15 PM	200	GET	/users/1b586c87-b330-4222-a476-21c6b00698f6	 body: undefined	got (https://github.com/sindresorhus/got)
7/7/2021, 7:00:15 PM	200	DELETE	/users/1b586c87-b330-4222-a476-21c6b00698f6	 body: undefined	got (https://github.com/sindresorhus/got)
7/7/2021, 7:00:16 PM	200	GET	/users	 body: undefined	got (https://github.com/sindresorhus/got)
7/7/2021, 7:00:16 PM	200	POST	/users	 body: undefined	got (https://github.com/sindresorhus/got)
7/7/2021, 7:00:16 PM	200	PUT	/users/68d84967-40c1-404e-994d-1eae6ae466b9	 body: undefined	got (https://github.com/sindresorhus/got)
7/7/2021, 7:00:16 PM	200	GET	/users/68d84967-40c1-404e-994d-1eae6ae466b9	 body: undefined	got (https://github.com/sindresorhus/got)
7/7/2021, 7:00:16 PM	200	DELETE	/users/68d84967-40c1-404e-994d-1eae6ae466b9	 body: undefined	got (https://github.com/sindresorhus/got)
7/7/2021, 7:00:16 PM	200	GET	/users	 body: undefined	got (https://github.com/sindresorhus/got)
7/7/2021, 7:00:16 PM	200	POST	/users	 body: undefined	got (https://github.com/sindresorhus/got)
7/7/2021, 7:00:16 PM	200	PUT	/users/7ddaa0f0-3feb-4cd1-88f8-84aef270ff66	 body: undefined	got (https://github.com/sindresorhus/got)
7/7/2021, 7:00:16 PM	200	GET	/users/7ddaa0f0-3feb-4cd1-88f8-84aef270ff66	 body: undefined	got (https://github.com/sindresorhus/got)
7/7/2021, 7:00:16 PM	200	DELETE	/users/7ddaa0f0-3feb-4cd1-88f8-84aef270ff66	 body: undefined	got (https://github.com/sindresorhus/got)
7/7/2021, 7:00:16 PM	200	GET	/users	 body: undefined	got (https://github.com/sindresorhus/got)
7/7/2021, 7:00:16 PM	200	POST	/users	 body: undefined	got (https://github.com/sindresorhus/got)
7/7/2021, 7:00:16 PM	200	PUT	/users/bd9924a6-673d-42e8-bf8e-872668c7930d	 body: undefined	got (https://github.com/sindresorhus/got)
7/7/2021, 7:00:16 PM	200	GET	/users/bd9924a6-673d-42e8-bf8e-872668c7930d	 body: undefined	got (https://github.com/sindresorhus/got)
7/7/2021, 7:00:16 PM	200	DELETE	/users/bd9924a6-673d-42e8-bf8e-872668c7930d	 body: undefined	got (https://github.com/sindresorhus/got)
7/7/2021, 7:00:16 PM	200	GET	/users	 body: undefined	got (https://github.com/sindresorhus/got)
7/7/2021, 7:00:16 PM	200	POST	/users	 body: undefined	got (https://github.com/sindresorhus/got)
7/7/2021, 7:00:16 PM	200	PUT	/users/8fd331ee-3233-4921-bffd-33baa584ae39	 body: undefined	got (https://github.com/sindresorhus/got)
7/7/2021, 7:00:16 PM	200	GET	/users/8fd331ee-3233-4921-bffd-33baa584ae39	 body: undefined	got (https://github.com/sindresorhus/got)
7/7/2021, 7:00:16 PM	200	DELETE	/users/8fd331ee-3233-4921-bffd-33baa584ae39	 body: undefined	got (https://github.com/sindresorhus/got)
7/7/2021, 7:00:16 PM	200	GET	/users	 body: undefined	got (https://github.com/sindresorhus/got)
7/7/2021, 7:00:16 PM	200	POST	/users	 body: undefined	got (https://github.com/sindresorhus/got)
7/7/2021, 7:00:16 PM	200	PUT	/users/ac5536ae-fe35-47b6-91f1-ba7de44eea19	 body: undefined	got (https://github.com/sindresorhus/got)
7/7/2021, 7:00:16 PM	200	GET	/users/ac5536ae-fe35-47b6-91f1-ba7de44eea19	 body: undefined	got (https://github.com/sindresorhus/got)
7/7/2021, 7:00:16 PM	200	DELETE	/users/ac5536ae-fe35-47b6-91f1-ba7de44eea19	 body: undefined	got (https://github.com/sindresorhus/got)
7/7/2021, 7:00:17 PM	200	GET	/users	 body: undefined	got (https://github.com/sindresorhus/got)
7/7/2021, 7:00:17 PM	200	POST	/users	 body: undefined	got (https://github.com/sindresorhus/got)
7/7/2021, 7:00:17 PM	200	PUT	/users/4b9b1e9b-911a-471d-bd7e-d611e8d94391	 body: undefined	got (https://github.com/sindresorhus/got)
7/7/2021, 7:00:17 PM	200	GET	/users/4b9b1e9b-911a-471d-bd7e-d611e8d94391	 body: undefined	got (https://github.com/sindresorhus/got)
7/7/2021, 7:00:17 PM	200	DELETE	/users/4b9b1e9b-911a-471d-bd7e-d611e8d94391	 body: undefined	got (https://github.com/sindresorhus/got)
7/7/2021, 7:00:17 PM	200	GET	/users	 body: undefined	got (https://github.com/sindresorhus/got)
7/7/2021, 7:00:17 PM	200	POST	/users	 body: undefined	got (https://github.com/sindresorhus/got)
7/7/2021, 7:00:17 PM	200	PUT	/users/ada24543-8e99-484f-9b18-88547ba30cff	 body: undefined	got (https://github.com/sindresorhus/got)
7/7/2021, 7:00:17 PM	200	GET	/users/ada24543-8e99-484f-9b18-88547ba30cff	 body: undefined	got (https://github.com/sindresorhus/got)
7/7/2021, 7:00:17 PM	200	DELETE	/users/ada24543-8e99-484f-9b18-88547ba30cff	 body: undefined	got (https://github.com/sindresorhus/got)
7/7/2021, 7:00:17 PM	200	GET	/users	 body: undefined	got (https://github.com/sindresorhus/got)
7/7/2021, 7:00:17 PM	200	POST	/users	 body: undefined	got (https://github.com/sindresorhus/got)
7/7/2021, 7:00:17 PM	200	PUT	/users/5b9aed10-1f22-4600-917d-aa04d8e61959	 body: undefined	got (https://github.com/sindresorhus/got)
7/7/2021, 7:00:17 PM	200	GET	/users/5b9aed10-1f22-4600-917d-aa04d8e61959	 body: undefined	got (https://github.com/sindresorhus/got)
7/7/2021, 7:00:17 PM	200	DELETE	/users/5b9aed10-1f22-4600-917d-aa04d8e61959	 body: undefined	got (https://github.com/sindresorhus/got)
7/7/2021, 7:00:17 PM	200	GET	/users	 body: undefined	got (https://github.com/sindresorhus/got)
7/7/2021, 7:00:17 PM	200	POST	/users	 body: undefined	got (https://github.com/sindresorhus/got)
7/7/2021, 7:00:17 PM	200	PUT	/users/ad3d35d3-54d3-43c7-b5b4-9e4ce0b0ffea	 body: undefined	got (https://github.com/sindresorhus/got)
7/7/2021, 7:00:17 PM	200	GET	/users/ad3d35d3-54d3-43c7-b5b4-9e4ce0b0ffea	 body: undefined	got (https://github.com/sindresorhus/got)
7/7/2021, 7:00:17 PM	200	DELETE	/users/ad3d35d3-54d3-43c7-b5b4-9e4ce0b0ffea	 body: undefined	got (https://github.com/sindresorhus/got)
7/7/2021, 7:43:53 PM	200	GET	/users	 body: undefined	undefined
7/7/2021, 7:43:53 PM	200	POST	/login	 body: undefined	undefined
7/7/2021, 7:43:53 PM	200	GET	/boards/12345/tasks	 body: undefined	undefined
7/7/2021, 7:43:53 PM	200	POST	/login	 body: undefined	undefined
7/7/2021, 7:43:53 PM	200	GET	/boards	 body: undefined	undefined
7/7/2021, 7:43:53 PM	200	GET	/users/123	 body: undefined	undefined
7/7/2021, 7:43:53 PM	200	POST	/login	 body: undefined	undefined
7/7/2021, 7:43:53 PM	200	GET	/boards/12345/tasks/12345	 body: undefined	undefined
7/7/2021, 7:43:53 PM	200	POST	/users	 body: undefined	undefined
7/7/2021, 7:43:53 PM	200	GET	/boards/12345	 body: undefined	undefined
7/7/2021, 7:43:53 PM	200	POST	/boards/12345/tasks	 body: undefined	undefined
7/7/2021, 7:43:53 PM	200	PUT	/users/12345	 body: undefined	undefined
7/7/2021, 7:43:53 PM	200	POST	/boards	 body: undefined	undefined
7/7/2021, 7:43:53 PM	200	PUT	/boards/12345/tasks/12345	 body: undefined	undefined
7/7/2021, 7:43:53 PM	200	DELETE	/users/12345	 body: undefined	undefined
7/7/2021, 7:43:53 PM	200	PUT	/boards/12345	 body: undefined	undefined
7/7/2021, 7:43:53 PM	200	DELETE	/boards/12345/tasks/12345	 body: undefined	undefined
7/7/2021, 7:43:53 PM	200	DELETE	/boards/12345	 body: undefined	undefined
7/7/2021, 7:43:53 PM	200	POST	/boards	 body: undefined	undefined
7/7/2021, 7:43:53 PM	200	POST	/boards	 body: undefined	undefined
7/7/2021, 7:43:53 PM	200	GET	/users	 body: undefined	undefined
7/7/2021, 7:43:53 PM	200	POST	/users	 body: undefined	undefined
7/7/2021, 7:43:53 PM	200	GET	/users/9032f19b-6360-4d5d-951e-1225e35e9e69	 body: undefined	undefined
7/7/2021, 7:43:53 PM	200	DELETE	/users/9032f19b-6360-4d5d-951e-1225e35e9e69	 body: undefined	undefined
7/7/2021, 7:43:53 PM	200	POST	/users	 body: undefined	undefined
7/7/2021, 7:43:53 PM	200	GET	/boards	 body: undefined	undefined
7/7/2021, 7:43:53 PM	200	POST	/boards/c0efb0f5-ca20-4e38-b38c-3930fddc97d8/tasks	 body: undefined	undefined
7/7/2021, 7:43:53 PM	200	GET	/boards	 body: undefined	undefined
7/7/2021, 7:43:53 PM	200	GET	/boards/c0efb0f5-ca20-4e38-b38c-3930fddc97d8/tasks	 body: undefined	undefined
7/7/2021, 7:43:53 PM	200	DELETE	/users/4a6064d0-64be-488b-9c5d-aeedbfd80cba	 body: undefined	undefined
7/7/2021, 7:43:53 PM	200	GET	/boards/1be2c06f-7f0c-4c0e-b983-b021d1960484	 body: undefined	undefined
7/7/2021, 7:43:53 PM	200	POST	/users	 body: undefined	undefined
7/7/2021, 7:43:53 PM	200	GET	/boards/c0efb0f5-ca20-4e38-b38c-3930fddc97d8/tasks	 body: undefined	undefined
7/7/2021, 7:43:53 PM	200	POST	/boards	 body: undefined	undefined
7/7/2021, 7:43:53 PM	200	GET	/boards/c0efb0f5-ca20-4e38-b38c-3930fddc97d8/tasks/7d9e0f40-b444-4c81-acce-d1bc64082774	 body: undefined	undefined
7/7/2021, 7:43:53 PM	200	DELETE	/boards/b974e413-5441-4c0e-8a6e-ad1f1cd63a72	 body: undefined	undefined
7/7/2021, 7:43:53 PM	200	PUT	/users/ebe41066-16e4-4331-8cd1-9960885f8e78	 body: undefined	undefined
7/7/2021, 7:43:53 PM	200	POST	/boards/c0efb0f5-ca20-4e38-b38c-3930fddc97d8/tasks	 body: undefined	undefined
7/7/2021, 7:43:53 PM	200	POST	/boards	 body: undefined	undefined
7/7/2021, 7:43:53 PM	200	DELETE	/boards/c0efb0f5-ca20-4e38-b38c-3930fddc97d8/tasks/3a6dfadb-bd26-4d33-96bf-74a39de541a3	 body: undefined	undefined
7/7/2021, 7:43:53 PM	200	PUT	/boards/26d59937-f687-4403-9fc6-5e208b5e0ead	 body: undefined	undefined
7/7/2021, 7:43:53 PM	200	POST	/boards/c0efb0f5-ca20-4e38-b38c-3930fddc97d8/tasks	 body: undefined	undefined
7/7/2021, 7:43:53 PM	200	GET	/users/ebe41066-16e4-4331-8cd1-9960885f8e78	 body: undefined	undefined
7/7/2021, 7:43:53 PM	200	DELETE	/users/ebe41066-16e4-4331-8cd1-9960885f8e78	 body: undefined	undefined
7/7/2021, 7:43:53 PM	200	PUT	/boards/c0efb0f5-ca20-4e38-b38c-3930fddc97d8/tasks/083b2c6e-52a5-4811-9bd3-22cc8f74d4b5	 body: undefined	undefined
7/7/2021, 7:43:53 PM	200	POST	/users	 body: undefined	undefined
7/7/2021, 7:43:53 PM	200	GET	/boards/26d59937-f687-4403-9fc6-5e208b5e0ead	 body: undefined	undefined
7/7/2021, 7:43:53 PM	200	DELETE	/boards/26d59937-f687-4403-9fc6-5e208b5e0ead	 body: undefined	undefined
7/7/2021, 7:43:53 PM	200	GET	/boards/c0efb0f5-ca20-4e38-b38c-3930fddc97d8/tasks/083b2c6e-52a5-4811-9bd3-22cc8f74d4b5	 body: undefined	undefined
7/7/2021, 7:43:53 PM	200	DELETE	/users/40be1d92-87ae-4a12-957c-d7a2f3cf4959	 body: undefined	undefined
7/7/2021, 7:43:53 PM	200	POST	/boards	 body: undefined	undefined
7/7/2021, 7:43:53 PM	200	GET	/boards/c0efb0f5-ca20-4e38-b38c-3930fddc97d8/tasks/7d9e0f40-b444-4c81-acce-d1bc64082774	 body: undefined	undefined
7/7/2021, 7:43:53 PM	200	POST	/users	 body: undefined	undefined
7/7/2021, 7:43:53 PM	200	DELETE	/boards/c0efb0f5-ca20-4e38-b38c-3930fddc97d8/tasks/7d9e0f40-b444-4c81-acce-d1bc64082774	 body: undefined	undefined
7/7/2021, 7:43:53 PM	200	DELETE	/boards/47e01b5f-cd10-4b2d-8864-f6f8db564de1	 body: undefined	undefined
7/7/2021, 7:43:53 PM	200	GET	/boards/c0efb0f5-ca20-4e38-b38c-3930fddc97d8/tasks/7d9e0f40-b444-4c81-acce-d1bc64082774	 body: undefined	undefined
7/7/2021, 7:43:53 PM	200	GET	/boards/47e01b5f-cd10-4b2d-8864-f6f8db564de1	 body: undefined	undefined
7/7/2021, 7:43:53 PM	200	DELETE	/boards/c0efb0f5-ca20-4e38-b38c-3930fddc97d8	 body: undefined	undefined
7/7/2021, 7:43:53 PM	200	POST	/boards	 body: undefined	undefined
7/7/2021, 7:43:53 PM	200	POST	/boards	 body: undefined	undefined
7/7/2021, 7:43:53 PM	200	POST	/boards/a5328201-8dd9-4af2-83bc-887ee1013dfb/tasks	 body: undefined	undefined
7/7/2021, 7:43:53 PM	200	POST	/boards/a5328201-8dd9-4af2-83bc-887ee1013dfb/tasks	 body: undefined	undefined
7/7/2021, 7:43:53 PM	200	POST	/boards/4c726802-685f-4e3d-95ce-de13b3daae53/tasks	 body: undefined	undefined
7/7/2021, 7:43:53 PM	200	POST	/boards/4c726802-685f-4e3d-95ce-de13b3daae53/tasks	 body: undefined	undefined
7/7/2021, 7:43:53 PM	200	POST	/boards/4c726802-685f-4e3d-95ce-de13b3daae53/tasks	 body: undefined	undefined
7/7/2021, 7:43:53 PM	200	POST	/boards/4c726802-685f-4e3d-95ce-de13b3daae53/tasks	 body: undefined	undefined
7/7/2021, 7:43:53 PM	200	POST	/boards/4c726802-685f-4e3d-95ce-de13b3daae53/tasks	 body: undefined	undefined
7/7/2021, 7:43:53 PM	200	DELETE	/users/c0ada54a-31a4-4b35-bef7-f9e7ac08a086	 body: undefined	undefined
7/7/2021, 7:43:53 PM	200	GET	/boards/a5328201-8dd9-4af2-83bc-887ee1013dfb/tasks/3f0f26dd-be1b-4900-8221-896636f8c61e	 body: undefined	undefined
7/7/2021, 7:43:53 PM	200	GET	/boards/a5328201-8dd9-4af2-83bc-887ee1013dfb/tasks/6fc7fc2c-936f-419c-95e0-a4fae5cd3bd5	 body: undefined	undefined
7/7/2021, 7:43:53 PM	200	DELETE	/boards/a5328201-8dd9-4af2-83bc-887ee1013dfb/tasks/3f0f26dd-be1b-4900-8221-896636f8c61e	 body: undefined	undefined
7/7/2021, 7:43:53 PM	200	DELETE	/boards/a5328201-8dd9-4af2-83bc-887ee1013dfb/tasks/6fc7fc2c-936f-419c-95e0-a4fae5cd3bd5	 body: undefined	undefined
7/7/2021, 7:43:53 PM	200	DELETE	/boards/a5328201-8dd9-4af2-83bc-887ee1013dfb	 body: undefined	undefined
7/7/2021, 7:43:54 PM	200	GET	/boards/4c726802-685f-4e3d-95ce-de13b3daae53/tasks/d41155cf-2f24-44ab-aaa2-102e91d54089	 body: undefined	undefined
7/7/2021, 7:43:54 PM	200	GET	/boards/4c726802-685f-4e3d-95ce-de13b3daae53/tasks/2eec972f-323f-48f4-b9df-16b90b40f59e	 body: undefined	undefined
7/7/2021, 7:43:54 PM	200	GET	/boards/4c726802-685f-4e3d-95ce-de13b3daae53/tasks/3d7ede19-d392-42af-a19f-42019690ce2c	 body: undefined	undefined
7/7/2021, 7:43:54 PM	200	GET	/boards/4c726802-685f-4e3d-95ce-de13b3daae53/tasks/36a4b077-055f-42c1-ac8f-ae559b1f45d6	 body: undefined	undefined
7/7/2021, 7:43:54 PM	200	GET	/boards/4c726802-685f-4e3d-95ce-de13b3daae53/tasks/5f12945e-40d4-4f76-8d2f-f5a85b12d2e3	 body: undefined	undefined
7/7/2021, 7:43:54 PM	200	DELETE	/boards/4c726802-685f-4e3d-95ce-de13b3daae53	 body: undefined	undefined
7/7/2021, 7:43:54 PM	200	GET	/boards/4c726802-685f-4e3d-95ce-de13b3daae53/tasks/d41155cf-2f24-44ab-aaa2-102e91d54089	 body: undefined	undefined
7/7/2021, 7:43:54 PM	200	GET	/boards/4c726802-685f-4e3d-95ce-de13b3daae53/tasks/3d7ede19-d392-42af-a19f-42019690ce2c	 body: undefined	undefined
7/7/2021, 7:43:54 PM	200	GET	/boards/4c726802-685f-4e3d-95ce-de13b3daae53/tasks/5f12945e-40d4-4f76-8d2f-f5a85b12d2e3	 body: undefined	undefined
7/7/2021, 7:43:54 PM	200	GET	/boards/4c726802-685f-4e3d-95ce-de13b3daae53/tasks/2eec972f-323f-48f4-b9df-16b90b40f59e	 body: undefined	undefined
7/7/2021, 7:43:54 PM	200	GET	/boards/4c726802-685f-4e3d-95ce-de13b3daae53/tasks/36a4b077-055f-42c1-ac8f-ae559b1f45d6	 body: undefined	undefined
7/7/2021, 7:43:54 PM	200	DELETE	/boards/1be2c06f-7f0c-4c0e-b983-b021d1960484	 body: undefined	undefined
